{"timestamp": "2024-09-06T19:36:09.785414Z", "level": "WARNING", "name": "passlib.handlers.bcrypt", "message": "(trapped) error reading bcrypt version", "exc_info": "Traceback (most recent call last):\n  File \"/home/oleg96d/IT/FastAPI/FastAPI/.venv/lib/python3.11/site-packages/passlib/handlers/bcrypt.py\", line 620, in _load_backend_mixin\n    version = _bcrypt.__about__.__version__\n              ^^^^^^^^^^^^^^^^^\nAttributeError: module 'bcrypt' has no attribute '__about__'"}
{"timestamp": "2024-09-06T19:36:10.015081Z", "level": "INFO", "name": "root", "message": "Request execution time", "process_time": 0.2532}
{"timestamp": "2024-09-06T19:36:10.017425Z", "level": "INFO", "name": "httpx", "message": "HTTP Request: POST http://test/auth/login \"HTTP/1.1 200 OK\""}
{"timestamp": "2024-09-06T19:36:10.086381Z", "level": "INFO", "name": "root", "message": "Request execution time", "process_time": 0.0675}
{"timestamp": "2024-09-06T19:36:10.088126Z", "level": "INFO", "name": "httpx", "message": "HTTP Request: POST http://test/bookings \"HTTP/1.1 200 OK\""}
{"timestamp": "2024-09-06T19:36:10.134281Z", "level": "INFO", "name": "root", "message": "Request execution time", "process_time": 0.0453}
{"timestamp": "2024-09-06T19:36:10.135738Z", "level": "INFO", "name": "httpx", "message": "HTTP Request: GET http://test/bookings \"HTTP/1.1 200 OK\""}
{"timestamp": "2024-09-06T19:36:10.191005Z", "level": "INFO", "name": "root", "message": "Request execution time", "process_time": 0.0534}
{"timestamp": "2024-09-06T19:36:10.192456Z", "level": "INFO", "name": "httpx", "message": "HTTP Request: POST http://test/bookings \"HTTP/1.1 200 OK\""}
{"timestamp": "2024-09-06T19:36:10.235383Z", "level": "INFO", "name": "root", "message": "Request execution time", "process_time": 0.0422}
{"timestamp": "2024-09-06T19:36:10.237681Z", "level": "INFO", "name": "httpx", "message": "HTTP Request: GET http://test/bookings \"HTTP/1.1 200 OK\""}
{"timestamp": "2024-09-06T19:36:10.290772Z", "level": "INFO", "name": "root", "message": "Request execution time", "process_time": 0.0505}
{"timestamp": "2024-09-06T19:36:10.292661Z", "level": "INFO", "name": "httpx", "message": "HTTP Request: POST http://test/bookings \"HTTP/1.1 200 OK\""}
{"timestamp": "2024-09-06T19:36:10.338907Z", "level": "INFO", "name": "root", "message": "Request execution time", "process_time": 0.0454}
{"timestamp": "2024-09-06T19:36:10.340218Z", "level": "INFO", "name": "httpx", "message": "HTTP Request: GET http://test/bookings \"HTTP/1.1 200 OK\""}
{"timestamp": "2024-09-06T19:36:10.389113Z", "level": "INFO", "name": "root", "message": "Request execution time", "process_time": 0.047}
{"timestamp": "2024-09-06T19:36:10.390812Z", "level": "INFO", "name": "httpx", "message": "HTTP Request: POST http://test/bookings \"HTTP/1.1 200 OK\""}
{"timestamp": "2024-09-06T19:36:10.436880Z", "level": "INFO", "name": "root", "message": "Request execution time", "process_time": 0.0453}
{"timestamp": "2024-09-06T19:36:10.438273Z", "level": "INFO", "name": "httpx", "message": "HTTP Request: GET http://test/bookings \"HTTP/1.1 200 OK\""}
{"timestamp": "2024-09-06T19:36:10.487092Z", "level": "INFO", "name": "root", "message": "Request execution time", "process_time": 0.0469}
{"timestamp": "2024-09-06T19:36:10.489227Z", "level": "INFO", "name": "httpx", "message": "HTTP Request: POST http://test/bookings \"HTTP/1.1 200 OK\""}
{"timestamp": "2024-09-06T19:36:10.530959Z", "level": "INFO", "name": "root", "message": "Request execution time", "process_time": 0.0408}
{"timestamp": "2024-09-06T19:36:10.532295Z", "level": "INFO", "name": "httpx", "message": "HTTP Request: GET http://test/bookings \"HTTP/1.1 200 OK\""}
{"timestamp": "2024-09-06T19:36:10.585891Z", "level": "INFO", "name": "root", "message": "Request execution time", "process_time": 0.0517}
{"timestamp": "2024-09-06T19:36:10.587738Z", "level": "INFO", "name": "httpx", "message": "HTTP Request: POST http://test/bookings \"HTTP/1.1 200 OK\""}
{"timestamp": "2024-09-06T19:36:10.635273Z", "level": "INFO", "name": "root", "message": "Request execution time", "process_time": 0.0468}
{"timestamp": "2024-09-06T19:36:10.636729Z", "level": "INFO", "name": "httpx", "message": "HTTP Request: GET http://test/bookings \"HTTP/1.1 200 OK\""}
{"timestamp": "2024-09-06T19:36:10.690504Z", "level": "INFO", "name": "root", "message": "Request execution time", "process_time": 0.0514}
{"timestamp": "2024-09-06T19:36:10.692000Z", "level": "INFO", "name": "httpx", "message": "HTTP Request: POST http://test/bookings \"HTTP/1.1 200 OK\""}
{"timestamp": "2024-09-06T19:36:10.738831Z", "level": "INFO", "name": "root", "message": "Request execution time", "process_time": 0.0461}
{"timestamp": "2024-09-06T19:36:10.740205Z", "level": "INFO", "name": "httpx", "message": "HTTP Request: GET http://test/bookings \"HTTP/1.1 200 OK\""}
{"timestamp": "2024-09-06T19:36:10.794170Z", "level": "INFO", "name": "root", "message": "Request execution time", "process_time": 0.0521}
{"timestamp": "2024-09-06T19:36:10.795706Z", "level": "INFO", "name": "httpx", "message": "HTTP Request: POST http://test/bookings \"HTTP/1.1 200 OK\""}
{"timestamp": "2024-09-06T19:36:10.842323Z", "level": "INFO", "name": "root", "message": "Request execution time", "process_time": 0.0459}
{"timestamp": "2024-09-06T19:36:10.843711Z", "level": "INFO", "name": "httpx", "message": "HTTP Request: GET http://test/bookings \"HTTP/1.1 200 OK\""}
{"timestamp": "2024-09-06T19:36:10.891599Z", "level": "INFO", "name": "root", "message": "Request execution time", "process_time": 0.0459}
{"timestamp": "2024-09-06T19:36:10.892999Z", "level": "INFO", "name": "httpx", "message": "HTTP Request: POST http://test/bookings \"HTTP/1.1 409 Conflict\""}
{"timestamp": "2024-09-06T19:36:10.939147Z", "level": "INFO", "name": "root", "message": "Request execution time", "process_time": 0.0455}
{"timestamp": "2024-09-06T19:36:10.940453Z", "level": "INFO", "name": "httpx", "message": "HTTP Request: GET http://test/bookings \"HTTP/1.1 200 OK\""}
{"timestamp": "2024-09-06T19:36:10.988144Z", "level": "INFO", "name": "root", "message": "Request execution time", "process_time": 0.0453}
{"timestamp": "2024-09-06T19:36:10.989735Z", "level": "INFO", "name": "httpx", "message": "HTTP Request: POST http://test/bookings \"HTTP/1.1 409 Conflict\""}
{"timestamp": "2024-09-06T19:36:11.036673Z", "level": "INFO", "name": "root", "message": "Request execution time", "process_time": 0.0461}
{"timestamp": "2024-09-06T19:36:11.038080Z", "level": "INFO", "name": "httpx", "message": "HTTP Request: GET http://test/bookings \"HTTP/1.1 200 OK\""}
{"timestamp": "2024-09-06T19:36:11.082436Z", "level": "INFO", "name": "root", "message": "Request execution time", "process_time": 0.0427}
{"timestamp": "2024-09-06T19:36:11.083771Z", "level": "INFO", "name": "httpx", "message": "HTTP Request: GET http://test/bookings \"HTTP/1.1 200 OK\""}
{"timestamp": "2024-09-06T19:36:11.139164Z", "level": "INFO", "name": "root", "message": "Request execution time", "process_time": 0.0546}
{"timestamp": "2024-09-06T19:36:11.140522Z", "level": "INFO", "name": "httpx", "message": "HTTP Request: DELETE http://test/bookings/1 \"HTTP/1.1 200 OK\""}
{"timestamp": "2024-09-06T19:36:11.188116Z", "level": "INFO", "name": "root", "message": "Request execution time", "process_time": 0.0468}
{"timestamp": "2024-09-06T19:36:11.189851Z", "level": "INFO", "name": "httpx", "message": "HTTP Request: DELETE http://test/bookings/3 \"HTTP/1.1 200 OK\""}
{"timestamp": "2024-09-06T19:36:11.233922Z", "level": "INFO", "name": "root", "message": "Request execution time", "process_time": 0.0432}
{"timestamp": "2024-09-06T19:36:11.235397Z", "level": "INFO", "name": "httpx", "message": "HTTP Request: DELETE http://test/bookings/4 \"HTTP/1.1 200 OK\""}
{"timestamp": "2024-09-06T19:36:11.281813Z", "level": "INFO", "name": "root", "message": "Request execution time", "process_time": 0.0456}
{"timestamp": "2024-09-06T19:36:11.283227Z", "level": "INFO", "name": "httpx", "message": "HTTP Request: DELETE http://test/bookings/5 \"HTTP/1.1 200 OK\""}
{"timestamp": "2024-09-06T19:36:11.333046Z", "level": "INFO", "name": "root", "message": "Request execution time", "process_time": 0.049}
{"timestamp": "2024-09-06T19:36:11.334431Z", "level": "INFO", "name": "httpx", "message": "HTTP Request: DELETE http://test/bookings/6 \"HTTP/1.1 200 OK\""}
{"timestamp": "2024-09-06T19:36:11.382020Z", "level": "INFO", "name": "root", "message": "Request execution time", "process_time": 0.0468}
{"timestamp": "2024-09-06T19:36:11.383342Z", "level": "INFO", "name": "httpx", "message": "HTTP Request: DELETE http://test/bookings/7 \"HTTP/1.1 200 OK\""}
{"timestamp": "2024-09-06T19:36:11.430036Z", "level": "INFO", "name": "root", "message": "Request execution time", "process_time": 0.0459}
{"timestamp": "2024-09-06T19:36:11.431391Z", "level": "INFO", "name": "httpx", "message": "HTTP Request: DELETE http://test/bookings/8 \"HTTP/1.1 200 OK\""}
{"timestamp": "2024-09-06T19:36:11.476365Z", "level": "INFO", "name": "root", "message": "Request execution time", "process_time": 0.0442}
{"timestamp": "2024-09-06T19:36:11.477783Z", "level": "INFO", "name": "httpx", "message": "HTTP Request: DELETE http://test/bookings/9 \"HTTP/1.1 200 OK\""}
{"timestamp": "2024-09-06T19:36:11.523466Z", "level": "INFO", "name": "root", "message": "Request execution time", "process_time": 0.0449}
{"timestamp": "2024-09-06T19:36:11.525045Z", "level": "INFO", "name": "httpx", "message": "HTTP Request: DELETE http://test/bookings/10 \"HTTP/1.1 200 OK\""}
{"timestamp": "2024-09-06T19:36:11.569349Z", "level": "INFO", "name": "root", "message": "Request execution time", "process_time": 0.0435}
{"timestamp": "2024-09-06T19:36:11.570735Z", "level": "INFO", "name": "httpx", "message": "HTTP Request: DELETE http://test/bookings/11 \"HTTP/1.1 200 OK\""}
{"timestamp": "2024-09-06T19:36:11.612288Z", "level": "INFO", "name": "root", "message": "Request execution time", "process_time": 0.0408}
{"timestamp": "2024-09-06T19:36:11.613683Z", "level": "INFO", "name": "httpx", "message": "HTTP Request: GET http://test/bookings \"HTTP/1.1 200 OK\""}
{"timestamp": "2024-09-06T19:36:12.040706Z", "level": "INFO", "name": "root", "message": "Request execution time", "process_time": 0.0511}
{"timestamp": "2024-09-06T19:36:12.042267Z", "level": "INFO", "name": "httpx", "message": "HTTP Request: POST http://test/cart \"HTTP/1.1 201 Created\""}
{"timestamp": "2024-09-06T19:36:12.088470Z", "level": "INFO", "name": "root", "message": "Request execution time", "process_time": 0.0455}
{"timestamp": "2024-09-06T19:36:12.089714Z", "level": "INFO", "name": "httpx", "message": "HTTP Request: GET http://test/cart \"HTTP/1.1 200 OK\""}
{"timestamp": "2024-09-06T19:36:12.139329Z", "level": "INFO", "name": "root", "message": "Request execution time", "process_time": 0.0479}
{"timestamp": "2024-09-06T19:36:12.140655Z", "level": "INFO", "name": "httpx", "message": "HTTP Request: POST http://test/cart \"HTTP/1.1 201 Created\""}
{"timestamp": "2024-09-06T19:36:12.185518Z", "level": "INFO", "name": "root", "message": "Request execution time", "process_time": 0.0441}
{"timestamp": "2024-09-06T19:36:12.186976Z", "level": "INFO", "name": "httpx", "message": "HTTP Request: GET http://test/cart \"HTTP/1.1 200 OK\""}
{"timestamp": "2024-09-06T19:36:12.235271Z", "level": "INFO", "name": "root", "message": "Request execution time", "process_time": 0.0465}
{"timestamp": "2024-09-06T19:36:12.236731Z", "level": "INFO", "name": "httpx", "message": "HTTP Request: POST http://test/cart \"HTTP/1.1 201 Created\""}
{"timestamp": "2024-09-06T19:36:12.281278Z", "level": "INFO", "name": "root", "message": "Request execution time", "process_time": 0.0438}
{"timestamp": "2024-09-06T19:36:12.282878Z", "level": "INFO", "name": "httpx", "message": "HTTP Request: GET http://test/cart \"HTTP/1.1 200 OK\""}
{"timestamp": "2024-09-06T19:36:12.336039Z", "level": "INFO", "name": "root", "message": "Request execution time", "process_time": 0.0509}
{"timestamp": "2024-09-06T19:36:12.337774Z", "level": "INFO", "name": "httpx", "message": "HTTP Request: POST http://test/cart \"HTTP/1.1 201 Created\""}
{"timestamp": "2024-09-06T19:36:12.384990Z", "level": "INFO", "name": "root", "message": "Request execution time", "process_time": 0.0465}
{"timestamp": "2024-09-06T19:36:12.386433Z", "level": "INFO", "name": "httpx", "message": "HTTP Request: GET http://test/cart \"HTTP/1.1 200 OK\""}
{"timestamp": "2024-09-06T19:36:12.439916Z", "level": "INFO", "name": "root", "message": "Request execution time", "process_time": 0.0513}
{"timestamp": "2024-09-06T19:36:12.441297Z", "level": "INFO", "name": "httpx", "message": "HTTP Request: POST http://test/cart \"HTTP/1.1 201 Created\""}
{"timestamp": "2024-09-06T19:36:12.487931Z", "level": "INFO", "name": "root", "message": "Request execution time", "process_time": 0.0459}
{"timestamp": "2024-09-06T19:36:12.489234Z", "level": "INFO", "name": "httpx", "message": "HTTP Request: GET http://test/cart \"HTTP/1.1 200 OK\""}
{"timestamp": "2024-09-06T19:36:12.544390Z", "level": "INFO", "name": "root", "message": "Request execution time", "process_time": 0.0534}
{"timestamp": "2024-09-06T19:36:12.545878Z", "level": "INFO", "name": "httpx", "message": "HTTP Request: POST http://test/cart \"HTTP/1.1 201 Created\""}
{"timestamp": "2024-09-06T19:36:12.592984Z", "level": "INFO", "name": "root", "message": "Request execution time", "process_time": 0.0464}
{"timestamp": "2024-09-06T19:36:12.595018Z", "level": "INFO", "name": "httpx", "message": "HTTP Request: GET http://test/cart \"HTTP/1.1 200 OK\""}
{"timestamp": "2024-09-06T19:36:12.643960Z", "level": "INFO", "name": "root", "message": "Request execution time", "process_time": 0.0468}
{"timestamp": "2024-09-06T19:36:12.645370Z", "level": "INFO", "name": "httpx", "message": "HTTP Request: GET http://test/cart \"HTTP/1.1 200 OK\""}
{"timestamp": "2024-09-06T19:36:12.693717Z", "level": "INFO", "name": "root", "message": "Request execution time", "process_time": 0.0476}
{"timestamp": "2024-09-06T19:36:12.695190Z", "level": "INFO", "name": "httpx", "message": "HTTP Request: DELETE http://test/cart/1 \"HTTP/1.1 200 OK\""}
{"timestamp": "2024-09-06T19:36:12.743311Z", "level": "INFO", "name": "root", "message": "Request execution time", "process_time": 0.0474}
{"timestamp": "2024-09-06T19:36:12.744797Z", "level": "INFO", "name": "httpx", "message": "HTTP Request: DELETE http://test/cart/2 \"HTTP/1.1 200 OK\""}
{"timestamp": "2024-09-06T19:36:12.790430Z", "level": "INFO", "name": "root", "message": "Request execution time", "process_time": 0.0449}
{"timestamp": "2024-09-06T19:36:12.791866Z", "level": "INFO", "name": "httpx", "message": "HTTP Request: DELETE http://test/cart/3 \"HTTP/1.1 200 OK\""}
{"timestamp": "2024-09-06T19:36:12.839305Z", "level": "INFO", "name": "root", "message": "Request execution time", "process_time": 0.0467}
{"timestamp": "2024-09-06T19:36:12.840937Z", "level": "INFO", "name": "httpx", "message": "HTTP Request: DELETE http://test/cart/4 \"HTTP/1.1 200 OK\""}
{"timestamp": "2024-09-06T19:36:12.892687Z", "level": "INFO", "name": "root", "message": "Request execution time", "process_time": 0.0509}
{"timestamp": "2024-09-06T19:36:12.894128Z", "level": "INFO", "name": "httpx", "message": "HTTP Request: DELETE http://test/cart/5 \"HTTP/1.1 200 OK\""}
{"timestamp": "2024-09-06T19:36:12.939064Z", "level": "INFO", "name": "root", "message": "Request execution time", "process_time": 0.0442}
{"timestamp": "2024-09-06T19:36:12.940459Z", "level": "INFO", "name": "httpx", "message": "HTTP Request: DELETE http://test/cart/6 \"HTTP/1.1 200 OK\""}
{"timestamp": "2024-09-06T19:36:12.988025Z", "level": "INFO", "name": "root", "message": "Request execution time", "process_time": 0.0467}
{"timestamp": "2024-09-06T19:36:12.989530Z", "level": "INFO", "name": "httpx", "message": "HTTP Request: GET http://test/cart \"HTTP/1.1 200 OK\""}
{"timestamp": "2024-09-06T19:36:13.767922Z", "level": "INFO", "name": "root", "message": "Request execution time", "process_time": 0.0004}
{"timestamp": "2024-09-06T19:36:13.769202Z", "level": "INFO", "name": "httpx", "message": "HTTP Request: GET http://test/hotels/%D0%90%D0%BB%D1%82%D0%B0%D0%B9?date_from=2030-07-25&date_to=2030-06-20 \"HTTP/1.1 400 Bad Request\""}
{"timestamp": "2024-09-06T19:36:13.771527Z", "level": "INFO", "name": "root", "message": "Request execution time", "process_time": 0.0005}
{"timestamp": "2024-09-06T19:36:13.772560Z", "level": "INFO", "name": "httpx", "message": "HTTP Request: GET http://test/hotels/%D0%90%D0%BB%D1%82%D0%B0%D0%B9?date_from=2030-07-25&date_to=2030-09-20 \"HTTP/1.1 400 Bad Request\""}
{"timestamp": "2024-09-06T19:36:13.803211Z", "level": "INFO", "name": "root", "message": "Request execution time", "process_time": 0.0291}
{"timestamp": "2024-09-06T19:36:13.804807Z", "level": "INFO", "name": "httpx", "message": "HTTP Request: GET http://test/hotels/%D0%90%D0%BB%D1%82%D0%B0%D0%B9?date_from=2030-07-15&date_to=2030-07-20 \"HTTP/1.1 200 OK\""}
{"timestamp": "2024-09-06T19:36:14.106210Z", "level": "INFO", "name": "root", "message": "Request execution time", "process_time": 0.2996}
{"timestamp": "2024-09-06T19:36:14.107630Z", "level": "INFO", "name": "httpx", "message": "HTTP Request: POST http://test/auth/register \"HTTP/1.1 200 OK\""}
{"timestamp": "2024-09-06T19:36:14.142584Z", "level": "INFO", "name": "root", "message": "Request execution time", "process_time": 0.0329}
{"timestamp": "2024-09-06T19:36:14.145022Z", "level": "INFO", "name": "httpx", "message": "HTTP Request: POST http://test/auth/register \"HTTP/1.1 409 Conflict\""}
{"timestamp": "2024-09-06T19:36:14.381708Z", "level": "INFO", "name": "root", "message": "Request execution time", "process_time": 0.2339}
{"timestamp": "2024-09-06T19:36:14.383344Z", "level": "INFO", "name": "httpx", "message": "HTTP Request: POST http://test/auth/register \"HTTP/1.1 200 OK\""}
{"timestamp": "2024-09-06T19:36:14.385798Z", "level": "INFO", "name": "root", "message": "Request execution time", "process_time": 0.0006}
{"timestamp": "2024-09-06T19:36:14.386844Z", "level": "INFO", "name": "httpx", "message": "HTTP Request: POST http://test/auth/register \"HTTP/1.1 422 Unprocessable Entity\""}
{"timestamp": "2024-09-06T19:36:14.625711Z", "level": "INFO", "name": "root", "message": "Request execution time", "process_time": 0.2375}
{"timestamp": "2024-09-06T19:36:14.627406Z", "level": "INFO", "name": "httpx", "message": "HTTP Request: POST http://test/auth/login \"HTTP/1.1 200 OK\""}
{"timestamp": "2024-09-06T19:36:14.867360Z", "level": "INFO", "name": "root", "message": "Request execution time", "process_time": 0.2381}
{"timestamp": "2024-09-06T19:36:14.868838Z", "level": "INFO", "name": "httpx", "message": "HTTP Request: POST http://test/auth/login \"HTTP/1.1 200 OK\""}
{"timestamp": "2024-09-06T19:36:14.894623Z", "level": "INFO", "name": "root", "message": "Request execution time", "process_time": 0.0234}
{"timestamp": "2024-09-06T19:36:14.896134Z", "level": "INFO", "name": "httpx", "message": "HTTP Request: POST http://test/auth/login \"HTTP/1.1 401 Unauthorized\""}
