{"timestamp": "2024-09-02T09:17:09.804702Z", "level": "INFO", "name": "root", "message": "start_app"}
{"timestamp": "2024-09-02T09:17:16.449053Z", "level": "INFO", "name": "root", "message": "Request execution time", "process_time": 0.0007}
{"timestamp": "2024-09-02T09:17:16.499438Z", "level": "INFO", "name": "root", "message": "Request execution time", "process_time": 0.0444}
{"timestamp": "2024-09-02T09:17:16.661003Z", "level": "INFO", "name": "root", "message": "Request execution time", "process_time": 0.0007}
{"timestamp": "2024-09-02T09:17:16.680743Z", "level": "INFO", "name": "root", "message": "Request execution time", "process_time": 0.0486}
{"timestamp": "2024-09-02T09:17:16.686398Z", "level": "INFO", "name": "root", "message": "Request execution time", "process_time": 0.0542}
{"timestamp": "2024-09-02T09:17:16.710601Z", "level": "INFO", "name": "root", "message": "Request execution time", "process_time": 0.0163}
{"timestamp": "2024-09-02T09:17:19.374858Z", "level": "INFO", "name": "root", "message": "Request execution time", "process_time": 0.0395}
{"timestamp": "2024-09-02T09:17:22.124808Z", "level": "INFO", "name": "root", "message": "Request execution time", "process_time": 0.0037}
{"timestamp": "2024-09-02T09:17:25.677437Z", "level": "INFO", "name": "root", "message": "Request execution time", "process_time": 0.0199}
{"timestamp": "2024-09-02T09:17:35.717944Z", "level": "INFO", "name": "root", "message": "Request execution time", "process_time": 0.0592}
{"timestamp": "2024-09-02T09:17:48.818528Z", "level": "INFO", "name": "root", "message": "Request execution time", "process_time": 0.0167}
{"timestamp": "2024-09-02T09:17:49.667975Z", "level": "INFO", "name": "root", "message": "Request execution time", "process_time": 0.011}
{"timestamp": "2024-09-02T09:17:51.266222Z", "level": "INFO", "name": "root", "message": "Request execution time", "process_time": 0.0153}
{"timestamp": "2024-09-02T09:17:52.665680Z", "level": "INFO", "name": "root", "message": "Request execution time", "process_time": 0.0193}
{"timestamp": "2024-09-02T09:17:54.051380Z", "level": "INFO", "name": "root", "message": "Request execution time", "process_time": 0.0101}
{"timestamp": "2024-09-02T09:17:55.490338Z", "level": "INFO", "name": "root", "message": "Request execution time", "process_time": 0.0072}
{"timestamp": "2024-09-02T09:17:56.879376Z", "level": "INFO", "name": "root", "message": "Request execution time", "process_time": 0.0327}
{"timestamp": "2024-09-02T09:17:57.665057Z", "level": "INFO", "name": "root", "message": "Request execution time", "process_time": 0.0217}
{"timestamp": "2024-09-02T09:18:11.448566Z", "level": "INFO", "name": "root", "message": "Request execution time", "process_time": 0.0124}
{"timestamp": "2024-09-02T09:18:12.375012Z", "level": "INFO", "name": "root", "message": "Request execution time", "process_time": 0.01}
{"timestamp": "2024-09-02T09:18:15.280991Z", "level": "INFO", "name": "root", "message": "Request execution time", "process_time": 0.0204}
{"timestamp": "2024-09-02T09:18:20.863773Z", "level": "INFO", "name": "root", "message": "Request execution time", "process_time": 0.0166}
{"timestamp": "2024-09-02T09:48:22.593979Z", "level": "INFO", "name": "root", "message": "Request execution time", "process_time": 0.0157}
{"timestamp": "2024-09-02T09:48:27.145942Z", "level": "INFO", "name": "root", "message": "Request execution time", "process_time": 0.1322}
{"timestamp": "2024-09-02T12:40:17.320704Z", "level": "INFO", "name": "root", "message": "start_app"}
{"timestamp": "2024-09-02T12:44:12.984708Z", "level": "INFO", "name": "root", "message": "Request execution time", "process_time": 0.5339}
{"timestamp": "2024-09-02T12:44:13.100561Z", "level": "INFO", "name": "root", "message": "Request execution time", "process_time": 0.0288}
{"timestamp": "2024-09-02T12:44:13.199088Z", "level": "INFO", "name": "root", "message": "Request execution time", "process_time": 0.0113}
{"timestamp": "2024-09-02T12:44:13.645095Z", "level": "INFO", "name": "root", "message": "Request execution time", "process_time": 0.3756}
{"timestamp": "2024-09-02T12:44:14.282863Z", "level": "INFO", "name": "root", "message": "Request execution time", "process_time": 1.0119}
{"timestamp": "2024-09-02T12:44:14.637162Z", "level": "INFO", "name": "root", "message": "Request execution time", "process_time": 0.0992}
{"timestamp": "2024-09-02T12:44:14.933457Z", "level": "INFO", "name": "root", "message": "Request execution time", "process_time": 0.3053}
{"timestamp": "2024-09-02T13:22:36.476890Z", "level": "INFO", "name": "root", "message": "start_app"}
{"timestamp": "2024-09-02T13:22:40.009139Z", "level": "INFO", "name": "root", "message": "Request execution time", "process_time": 0.0041}
{"timestamp": "2024-09-02T13:22:40.072302Z", "level": "INFO", "name": "root", "message": "Request execution time", "process_time": 0.0011}
{"timestamp": "2024-09-02T13:22:40.089190Z", "level": "INFO", "name": "root", "message": "Request execution time", "process_time": 0.0049}
{"timestamp": "2024-09-02T13:22:47.971665Z", "level": "INFO", "name": "root", "message": "Request execution time", "process_time": 0.0597}
{"timestamp": "2024-09-02T13:22:48.727034Z", "level": "INFO", "name": "root", "message": "Request execution time", "process_time": 0.01}
{"timestamp": "2024-09-02T13:22:57.503784Z", "level": "INFO", "name": "root", "message": "Request execution time", "process_time": 0.0676}
{"timestamp": "2024-09-02T13:23:20.328269Z", "level": "INFO", "name": "root", "message": "Request execution time", "process_time": 0.0119}
{"timestamp": "2024-09-02T13:23:23.322716Z", "level": "INFO", "name": "root", "message": "Request execution time", "process_time": 0.0267}
{"timestamp": "2024-09-02T13:25:16.295809Z", "level": "INFO", "name": "root", "message": "start_app"}
{"timestamp": "2024-09-02T13:25:40.011740Z", "level": "INFO", "name": "root", "message": "Request execution time", "process_time": 0.597}
{"timestamp": "2024-09-02T13:25:42.809032Z", "level": "INFO", "name": "root", "message": "Request execution time", "process_time": 0.5147}
{"timestamp": "2024-09-02T13:26:09.712196Z", "level": "ERROR", "name": "asyncio", "message": "Task exception was never retrieved\nfuture: <Task finished name='Task-15' coro=<WeatherDAO.get_by_loc.<locals>.gloc() done, defined at /booking/app/weather/dao.py:31> exception=ServerSelectionTimeoutError(\"mongodb:27017: [Errno -2] Name or service not known (configured timeouts: socketTimeoutMS: 20000.0ms, connectTimeoutMS: 20000.0ms), Timeout: 30s, Topology Description: <TopologyDescription id: 66d5bcbaf7761f62fcb0255e, topology_type: Unknown, servers: [<ServerDescription ('mongodb', 27017) server_type: Unknown, rtt: None, error=AutoReconnect('mongodb:27017: [Errno -2] Name or service not known (configured timeouts: socketTimeoutMS: 20000.0ms, connectTimeoutMS: 20000.0ms)')>]>\")>", "exc_info": "Traceback (most recent call last):\n  File \"/booking/app/weather/dao.py\", line 32, in gloc\n    return await collection.find_one({\"location\": location.location})\n           ^^^^^^^^^^^^^^^^^^^^^^^^^^^^^^^^^^^^^^^^^^^^^^^^^^^^^^^^^^\n  File \"/usr/local/lib/python3.11/concurrent/futures/thread.py\", line 58, in run\n    result = self.fn(*self.args, **self.kwargs)\n             ^^^^^^^^^^^^^^^^^^^^^^^^^^^^^^^^^^\n  File \"/usr/local/lib/python3.11/site-packages/pymongo/collection.py\", line 1495, in find_one\n    for result in cursor.limit(-1):\n  File \"/usr/local/lib/python3.11/site-packages/pymongo/cursor.py\", line 1243, in next\n    if len(self.__data) or self._refresh():\n                           ^^^^^^^^^^^^^^^\n  File \"/usr/local/lib/python3.11/site-packages/pymongo/cursor.py\", line 1160, in _refresh\n    self.__send_message(q)\n  File \"/usr/local/lib/python3.11/site-packages/pymongo/cursor.py\", line 1039, in __send_message\n    response = client._run_operation(\n               ^^^^^^^^^^^^^^^^^^^^^^\n  File \"/usr/local/lib/python3.11/site-packages/pymongo/_csot.py\", line 108, in csot_wrapper\n    return func(self, *args, **kwargs)\n           ^^^^^^^^^^^^^^^^^^^^^^^^^^^\n  File \"/usr/local/lib/python3.11/site-packages/pymongo/mongo_client.py\", line 1431, in _run_operation\n    return self._retryable_read(\n           ^^^^^^^^^^^^^^^^^^^^^\n  File \"/usr/local/lib/python3.11/site-packages/pymongo/mongo_client.py\", line 1540, in _retryable_read\n    return self._retry_internal(\n           ^^^^^^^^^^^^^^^^^^^^^\n  File \"/usr/local/lib/python3.11/site-packages/pymongo/_csot.py\", line 108, in csot_wrapper\n    return func(self, *args, **kwargs)\n           ^^^^^^^^^^^^^^^^^^^^^^^^^^^\n  File \"/usr/local/lib/python3.11/site-packages/pymongo/mongo_client.py\", line 1507, in _retry_internal\n    ).run()\n      ^^^^^\n  File \"/usr/local/lib/python3.11/site-packages/pymongo/mongo_client.py\", line 2353, in run\n    return self._read() if self._is_read else self._write()\n           ^^^^^^^^^^^^\n  File \"/usr/local/lib/python3.11/site-packages/pymongo/mongo_client.py\", line 2483, in _read\n    self._server = self._get_server()\n                   ^^^^^^^^^^^^^^^^^^\n  File \"/usr/local/lib/python3.11/site-packages/pymongo/mongo_client.py\", line 2439, in _get_server\n    return self._client._select_server(\n           ^^^^^^^^^^^^^^^^^^^^^^^^^^^^\n  File \"/usr/local/lib/python3.11/site-packages/pymongo/mongo_client.py\", line 1322, in _select_server\n    server = topology.select_server(\n             ^^^^^^^^^^^^^^^^^^^^^^^\n  File \"/usr/local/lib/python3.11/site-packages/pymongo/topology.py\", line 368, in select_server\n    server = self._select_server(\n             ^^^^^^^^^^^^^^^^^^^^\n  File \"/usr/local/lib/python3.11/site-packages/pymongo/topology.py\", line 346, in _select_server\n    servers = self.select_servers(\n              ^^^^^^^^^^^^^^^^^^^^\n  File \"/usr/local/lib/python3.11/site-packages/pymongo/topology.py\", line 253, in select_servers\n    server_descriptions = self._select_servers_loop(\n                          ^^^^^^^^^^^^^^^^^^^^^^^^^^\n  File \"/usr/local/lib/python3.11/site-packages/pymongo/topology.py\", line 303, in _select_servers_loop\n    raise ServerSelectionTimeoutError(\npymongo.errors.ServerSelectionTimeoutError: mongodb:27017: [Errno -2] Name or service not known (configured timeouts: socketTimeoutMS: 20000.0ms, connectTimeoutMS: 20000.0ms), Timeout: 30s, Topology Description: <TopologyDescription id: 66d5bcbaf7761f62fcb0255e, topology_type: Unknown, servers: [<ServerDescription ('mongodb', 27017) server_type: Unknown, rtt: None, error=AutoReconnect('mongodb:27017: [Errno -2] Name or service not known (configured timeouts: socketTimeoutMS: 20000.0ms, connectTimeoutMS: 20000.0ms)')>]>"}
{"timestamp": "2024-09-02T13:26:12.787790Z", "level": "ERROR", "name": "asyncio", "message": "Task exception was never retrieved\nfuture: <Task finished name='Task-23' coro=<WeatherDAO.get_by_loc.<locals>.gloc() done, defined at /booking/app/weather/dao.py:31> exception=ServerSelectionTimeoutError(\"mongodb:27017: [Errno -2] Name or service not known (configured timeouts: socketTimeoutMS: 20000.0ms, connectTimeoutMS: 20000.0ms), Timeout: 30s, Topology Description: <TopologyDescription id: 66d5bcbaf7761f62fcb0255e, topology_type: Unknown, servers: [<ServerDescription ('mongodb', 27017) server_type: Unknown, rtt: None, error=AutoReconnect('mongodb:27017: [Errno -2] Name or service not known (configured timeouts: socketTimeoutMS: 20000.0ms, connectTimeoutMS: 20000.0ms)')>]>\")>", "exc_info": "Traceback (most recent call last):\n  File \"/booking/app/weather/dao.py\", line 32, in gloc\n    return await collection.find_one({\"location\": location.location})\n           ^^^^^^^^^^^^^^^^^^^^^^^^^^^^^^^^^^^^^^^^^^^^^^^^^^^^^^^^^^\n  File \"/usr/local/lib/python3.11/concurrent/futures/thread.py\", line 58, in run\n    result = self.fn(*self.args, **self.kwargs)\n             ^^^^^^^^^^^^^^^^^^^^^^^^^^^^^^^^^^\n  File \"/usr/local/lib/python3.11/site-packages/pymongo/collection.py\", line 1495, in find_one\n    for result in cursor.limit(-1):\n  File \"/usr/local/lib/python3.11/site-packages/pymongo/cursor.py\", line 1243, in next\n    if len(self.__data) or self._refresh():\n                           ^^^^^^^^^^^^^^^\n  File \"/usr/local/lib/python3.11/site-packages/pymongo/cursor.py\", line 1160, in _refresh\n    self.__send_message(q)\n  File \"/usr/local/lib/python3.11/site-packages/pymongo/cursor.py\", line 1039, in __send_message\n    response = client._run_operation(\n               ^^^^^^^^^^^^^^^^^^^^^^\n  File \"/usr/local/lib/python3.11/site-packages/pymongo/_csot.py\", line 108, in csot_wrapper\n    return func(self, *args, **kwargs)\n           ^^^^^^^^^^^^^^^^^^^^^^^^^^^\n  File \"/usr/local/lib/python3.11/site-packages/pymongo/mongo_client.py\", line 1431, in _run_operation\n    return self._retryable_read(\n           ^^^^^^^^^^^^^^^^^^^^^\n  File \"/usr/local/lib/python3.11/site-packages/pymongo/mongo_client.py\", line 1540, in _retryable_read\n    return self._retry_internal(\n           ^^^^^^^^^^^^^^^^^^^^^\n  File \"/usr/local/lib/python3.11/site-packages/pymongo/_csot.py\", line 108, in csot_wrapper\n    return func(self, *args, **kwargs)\n           ^^^^^^^^^^^^^^^^^^^^^^^^^^^\n  File \"/usr/local/lib/python3.11/site-packages/pymongo/mongo_client.py\", line 1507, in _retry_internal\n    ).run()\n      ^^^^^\n  File \"/usr/local/lib/python3.11/site-packages/pymongo/mongo_client.py\", line 2353, in run\n    return self._read() if self._is_read else self._write()\n           ^^^^^^^^^^^^\n  File \"/usr/local/lib/python3.11/site-packages/pymongo/mongo_client.py\", line 2483, in _read\n    self._server = self._get_server()\n                   ^^^^^^^^^^^^^^^^^^\n  File \"/usr/local/lib/python3.11/site-packages/pymongo/mongo_client.py\", line 2439, in _get_server\n    return self._client._select_server(\n           ^^^^^^^^^^^^^^^^^^^^^^^^^^^^\n  File \"/usr/local/lib/python3.11/site-packages/pymongo/mongo_client.py\", line 1322, in _select_server\n    server = topology.select_server(\n             ^^^^^^^^^^^^^^^^^^^^^^^\n  File \"/usr/local/lib/python3.11/site-packages/pymongo/topology.py\", line 368, in select_server\n    server = self._select_server(\n             ^^^^^^^^^^^^^^^^^^^^\n  File \"/usr/local/lib/python3.11/site-packages/pymongo/topology.py\", line 346, in _select_server\n    servers = self.select_servers(\n              ^^^^^^^^^^^^^^^^^^^^\n  File \"/usr/local/lib/python3.11/site-packages/pymongo/topology.py\", line 253, in select_servers\n    server_descriptions = self._select_servers_loop(\n                          ^^^^^^^^^^^^^^^^^^^^^^^^^^\n  File \"/usr/local/lib/python3.11/site-packages/pymongo/topology.py\", line 303, in _select_servers_loop\n    raise ServerSelectionTimeoutError(\npymongo.errors.ServerSelectionTimeoutError: mongodb:27017: [Errno -2] Name or service not known (configured timeouts: socketTimeoutMS: 20000.0ms, connectTimeoutMS: 20000.0ms), Timeout: 30s, Topology Description: <TopologyDescription id: 66d5bcbaf7761f62fcb0255e, topology_type: Unknown, servers: [<ServerDescription ('mongodb', 27017) server_type: Unknown, rtt: None, error=AutoReconnect('mongodb:27017: [Errno -2] Name or service not known (configured timeouts: socketTimeoutMS: 20000.0ms, connectTimeoutMS: 20000.0ms)')>]>"}
{"timestamp": "2024-09-02T13:39:18.517282Z", "level": "INFO", "name": "root", "message": "start_app"}
{"timestamp": "2024-09-02T13:47:30.932722Z", "level": "INFO", "name": "root", "message": "Request execution time", "process_time": 0.2606}
{"timestamp": "2024-09-02T13:47:38.022291Z", "level": "INFO", "name": "root", "message": "Request execution time", "process_time": 0.7507}
{"timestamp": "2024-09-02T13:47:42.873763Z", "level": "INFO", "name": "root", "message": "Request execution time", "process_time": 1.2535}
{"timestamp": "2024-09-02T13:47:56.178167Z", "level": "INFO", "name": "root", "message": "Request execution time", "process_time": 0.0103}
{"timestamp": "2024-09-02T13:47:58.495920Z", "level": "INFO", "name": "root", "message": "Request execution time", "process_time": 0.0236}
{"timestamp": "2024-09-02T13:48:04.208909Z", "level": "INFO", "name": "root", "message": "Request execution time", "process_time": 0.0071}
{"timestamp": "2024-09-02T13:48:06.578368Z", "level": "INFO", "name": "root", "message": "Request execution time", "process_time": 0.0153}
{"timestamp": "2024-09-02T14:03:30.603143Z", "level": "INFO", "name": "root", "message": "start_app"}
{"timestamp": "2024-09-02T14:07:31.412650Z", "level": "INFO", "name": "root", "message": "start_app"}
{"timestamp": "2024-09-02T14:10:55.069011Z", "level": "INFO", "name": "root", "message": "start_app"}
{"timestamp": "2024-09-02T14:11:13.280451Z", "level": "INFO", "name": "root", "message": "Request execution time", "process_time": 0.0006}
{"timestamp": "2024-09-02T14:11:13.439415Z", "level": "INFO", "name": "root", "message": "Request execution time", "process_time": 0.0259}
{"timestamp": "2024-09-02T14:11:23.163024Z", "level": "INFO", "name": "root", "message": "Request execution time", "process_time": 0.073}
{"timestamp": "2024-09-02T14:11:36.610386Z", "level": "INFO", "name": "root", "message": "Request execution time", "process_time": 0.0026}
{"timestamp": "2024-09-02T14:11:47.585615Z", "level": "INFO", "name": "root", "message": "Request execution time", "process_time": 0.1259}
{"timestamp": "2024-09-02T14:11:58.431754Z", "level": "INFO", "name": "root", "message": "Request execution time", "process_time": 0.0117}
{"timestamp": "2024-09-02T14:12:01.547272Z", "level": "INFO", "name": "root", "message": "Request execution time", "process_time": 0.0046}
{"timestamp": "2024-09-02T14:12:03.544460Z", "level": "INFO", "name": "root", "message": "Request execution time", "process_time": 0.0026}
{"timestamp": "2024-09-02T14:12:04.172205Z", "level": "INFO", "name": "root", "message": "Request execution time", "process_time": 0.0128}
{"timestamp": "2024-09-02T14:12:06.510740Z", "level": "INFO", "name": "root", "message": "Request execution time", "process_time": 0.0025}
{"timestamp": "2024-09-02T14:12:06.536288Z", "level": "INFO", "name": "root", "message": "Request execution time", "process_time": 0.0197}
{"timestamp": "2024-09-02T14:12:06.646668Z", "level": "INFO", "name": "root", "message": "Request execution time", "process_time": 0.013}
{"timestamp": "2024-09-02T14:12:06.686089Z", "level": "INFO", "name": "root", "message": "Request execution time", "process_time": 0.0518}
{"timestamp": "2024-09-02T14:12:06.686422Z", "level": "INFO", "name": "root", "message": "Request execution time", "process_time": 0.0044}
{"timestamp": "2024-09-02T14:12:06.691329Z", "level": "INFO", "name": "root", "message": "Request execution time", "process_time": 0.0124}
{"timestamp": "2024-09-02T14:12:06.698230Z", "level": "INFO", "name": "root", "message": "Request execution time", "process_time": 0.0034}
{"timestamp": "2024-09-02T14:12:12.265127Z", "level": "INFO", "name": "root", "message": "Request execution time", "process_time": 0.0103}
{"timestamp": "2024-09-02T14:12:14.879771Z", "level": "INFO", "name": "root", "message": "Request execution time", "process_time": 0.0165}
{"timestamp": "2024-09-02T14:12:15.565968Z", "level": "INFO", "name": "root", "message": "Request execution time", "process_time": 0.0115}
{"timestamp": "2024-09-02T14:12:25.420059Z", "level": "INFO", "name": "root", "message": "Request execution time", "process_time": 0.0423}
{"timestamp": "2024-09-02T14:12:48.980646Z", "level": "INFO", "name": "root", "message": "Request execution time", "process_time": 0.0096}
{"timestamp": "2024-09-02T14:12:51.830729Z", "level": "INFO", "name": "root", "message": "Request execution time", "process_time": 0.0089}
{"timestamp": "2024-09-02T14:12:55.697648Z", "level": "INFO", "name": "root", "message": "Request execution time", "process_time": 0.008}
{"timestamp": "2024-09-02T14:13:02.559297Z", "level": "WARNING", "name": "passlib.handlers.bcrypt", "message": "(trapped) error reading bcrypt version", "exc_info": "Traceback (most recent call last):\n  File \"/usr/local/lib/python3.11/site-packages/passlib/handlers/bcrypt.py\", line 620, in _load_backend_mixin\n    version = _bcrypt.__about__.__version__\n              ^^^^^^^^^^^^^^^^^\nAttributeError: module 'bcrypt' has no attribute '__about__'"}
{"timestamp": "2024-09-02T14:13:02.880149Z", "level": "INFO", "name": "root", "message": "Request execution time", "process_time": 0.401}
{"timestamp": "2024-09-02T14:13:48.364254Z", "level": "INFO", "name": "root", "message": "Request execution time", "process_time": 0.0018}
{"timestamp": "2024-09-02T14:13:50.115721Z", "level": "INFO", "name": "root", "message": "Request execution time", "process_time": 0.0205}
{"timestamp": "2024-09-02T14:13:56.935149Z", "level": "INFO", "name": "root", "message": "Request execution time", "process_time": 0.027}
{"timestamp": "2024-09-02T14:15:34.055650Z", "level": "INFO", "name": "root", "message": "Request execution time", "process_time": 0.0107}
{"timestamp": "2024-09-02T14:15:42.781222Z", "level": "INFO", "name": "root", "message": "Request execution time", "process_time": 0.0153}
{"timestamp": "2024-09-02T14:15:45.555272Z", "level": "INFO", "name": "root", "message": "Request execution time", "process_time": 0.001}
{"timestamp": "2024-09-02T14:15:45.573973Z", "level": "INFO", "name": "root", "message": "Request execution time", "process_time": 0.0123}
{"timestamp": "2024-09-02T14:15:45.631027Z", "level": "INFO", "name": "root", "message": "Request execution time", "process_time": 0.0092}
{"timestamp": "2024-09-02T14:15:45.631611Z", "level": "INFO", "name": "root", "message": "Request execution time", "process_time": 0.0095}
{"timestamp": "2024-09-02T14:15:45.643991Z", "level": "INFO", "name": "root", "message": "Request execution time", "process_time": 0.0009}
{"timestamp": "2024-09-02T14:15:45.648852Z", "level": "INFO", "name": "root", "message": "Request execution time", "process_time": 0.007}
{"timestamp": "2024-09-02T14:15:45.656191Z", "level": "INFO", "name": "root", "message": "Request execution time", "process_time": 0.0037}
{"timestamp": "2024-09-02T14:15:48.407284Z", "level": "INFO", "name": "root", "message": "Request execution time", "process_time": 0.0012}
{"timestamp": "2024-09-02T14:16:05.463110Z", "level": "INFO", "name": "root", "message": "Request execution time", "process_time": 0.2509}
{"timestamp": "2024-09-02T14:16:05.520527Z", "level": "INFO", "name": "root", "message": "Request execution time", "process_time": 0.0477}
{"timestamp": "2024-09-02T14:16:38.298111Z", "level": "INFO", "name": "root", "message": "Request execution time", "process_time": 0.2283}
{"timestamp": "2024-09-02T14:17:06.970991Z", "level": "INFO", "name": "root", "message": "Request execution time", "process_time": 0.0345}
{"timestamp": "2024-09-02T14:17:18.919487Z", "level": "INFO", "name": "root", "message": "Request execution time", "process_time": 0.0251}
{"timestamp": "2024-09-02T14:18:06.125085Z", "level": "INFO", "name": "root", "message": "Successfully sent cities list"}
{"timestamp": "2024-09-02T14:18:06.125667Z", "level": "INFO", "name": "root", "message": "Request execution time", "process_time": 0.0656}
{"timestamp": "2024-09-02T14:18:15.547406Z", "level": "INFO", "name": "root", "message": "Request execution time", "process_time": 0.0013}
{"timestamp": "2024-09-02T14:18:19.385868Z", "level": "INFO", "name": "root", "message": "Request execution time", "process_time": 0.0141}
{"timestamp": "2024-09-02T14:18:26.141047Z", "level": "INFO", "name": "root", "message": "Request execution time", "process_time": 0.0316}
{"timestamp": "2024-09-02T14:18:30.452018Z", "level": "INFO", "name": "root", "message": "Request execution time", "process_time": 0.0089}
{"timestamp": "2024-09-02T14:18:32.366900Z", "level": "INFO", "name": "root", "message": "Request execution time", "process_time": 0.0402}
{"timestamp": "2024-09-02T14:18:32.475029Z", "level": "INFO", "name": "root", "message": "Request execution time", "process_time": 0.0416}
{"timestamp": "2024-09-02T14:20:12.229665Z", "level": "INFO", "name": "root", "message": "Request execution time", "process_time": 0.0089}
{"timestamp": "2024-09-02T14:20:15.049089Z", "level": "INFO", "name": "root", "message": "Request execution time", "process_time": 0.0268}
{"timestamp": "2024-09-02T14:20:19.678832Z", "level": "INFO", "name": "root", "message": "Request execution time", "process_time": 0.0352}
{"timestamp": "2024-09-02T14:20:24.951459Z", "level": "INFO", "name": "root", "message": "Request execution time", "process_time": 0.0359}
{"timestamp": "2024-09-02T14:20:24.978925Z", "level": "INFO", "name": "root", "message": "Request execution time", "process_time": 0.0143}
{"timestamp": "2024-09-02T14:20:24.982536Z", "level": "INFO", "name": "root", "message": "Request execution time", "process_time": 0.0162}
{"timestamp": "2024-09-02T14:20:26.329204Z", "level": "INFO", "name": "root", "message": "Request execution time", "process_time": 0.019}
{"timestamp": "2024-09-02T14:20:26.348701Z", "level": "INFO", "name": "root", "message": "Request execution time", "process_time": 0.0112}
{"timestamp": "2024-09-02T14:20:26.353525Z", "level": "INFO", "name": "root", "message": "Request execution time", "process_time": 0.0165}
{"timestamp": "2024-09-02T14:20:49.862530Z", "level": "INFO", "name": "root", "message": "Request execution time", "process_time": 0.038}
{"timestamp": "2024-09-02T14:21:00.936479Z", "level": "INFO", "name": "root", "message": "Request execution time", "process_time": 0.0144}
{"timestamp": "2024-09-02T14:21:04.358122Z", "level": "INFO", "name": "root", "message": "Request execution time", "process_time": 0.0278}
{"timestamp": "2024-09-02T14:21:09.602389Z", "level": "INFO", "name": "root", "message": "Request execution time", "process_time": 0.0303}
{"timestamp": "2024-09-02T14:21:09.621549Z", "level": "INFO", "name": "root", "message": "Request execution time", "process_time": 0.0085}
{"timestamp": "2024-09-02T14:21:13.598424Z", "level": "INFO", "name": "root", "message": "Request execution time", "process_time": 0.024}
{"timestamp": "2024-09-02T14:21:13.618472Z", "level": "INFO", "name": "root", "message": "Request execution time", "process_time": 0.0094}
{"timestamp": "2024-09-02T14:21:17.250311Z", "level": "INFO", "name": "root", "message": "Request execution time", "process_time": 0.0246}
{"timestamp": "2024-09-02T14:21:19.266329Z", "level": "INFO", "name": "root", "message": "Request execution time", "process_time": 0.0276}
{"timestamp": "2024-09-02T14:21:19.274383Z", "level": "INFO", "name": "root", "message": "Request execution time", "process_time": 0.0342}
{"timestamp": "2024-09-02T14:21:19.299595Z", "level": "INFO", "name": "root", "message": "Request execution time", "process_time": 0.0176}
{"timestamp": "2024-09-02T14:21:19.300896Z", "level": "INFO", "name": "root", "message": "Request execution time", "process_time": 0.0192}
{"timestamp": "2024-09-02T14:21:19.334149Z", "level": "INFO", "name": "root", "message": "Request execution time", "process_time": 0.0286}
{"timestamp": "2024-09-02T14:21:19.335420Z", "level": "INFO", "name": "root", "message": "Request execution time", "process_time": 0.0283}
{"timestamp": "2024-09-02T14:21:19.348857Z", "level": "INFO", "name": "root", "message": "Request execution time", "process_time": 0.007}
{"timestamp": "2024-09-02T14:21:19.353317Z", "level": "INFO", "name": "root", "message": "Request execution time", "process_time": 0.046}
{"timestamp": "2024-09-02T14:21:19.365594Z", "level": "INFO", "name": "root", "message": "Request execution time", "process_time": 0.0096}
{"timestamp": "2024-09-02T14:21:21.722254Z", "level": "INFO", "name": "root", "message": "Request execution time", "process_time": 0.0453}
{"timestamp": "2024-09-02T14:23:46.426682Z", "level": "INFO", "name": "root", "message": "Request execution time", "process_time": 0.0171}
{"timestamp": "2024-09-02T14:23:48.593666Z", "level": "INFO", "name": "root", "message": "Request execution time", "process_time": 0.0366}
{"timestamp": "2024-09-02T14:23:51.171119Z", "level": "INFO", "name": "root", "message": "Request execution time", "process_time": 0.0327}
{"timestamp": "2024-09-02T14:23:52.845730Z", "level": "INFO", "name": "root", "message": "Request execution time", "process_time": 0.0189}
